<?xml version="1.0" encoding="UTF-8"?>
<!-- Generated by org.testng.reporters.JUnitReportReporter -->
<testsuite hostname="SYS0000" name="com.test1.tests.LoginTest" tests="1" failures="0" timestamp="12 Apr 2016 12:05:27 GMT" time="45.245" errors="0">
  <testcase name="Test" time="45.245" classname="com.test1.tests.LoginTest"/>
</testsuite> <!-- com.test1.tests.LoginTest -->
