<?xml version="1.0" encoding="UTF-8"?>
<!-- Generated by org.testng.reporters.JUnitReportReporter -->
<testsuite hostname="SYS0000" name="com.test1.tests.LoginTest" tests="1" failures="0" timestamp="22 Apr 2016 12:41:32 GMT" time="34.013" errors="0">
  <testcase name="Test" time="34.013" classname="com.test1.tests.LoginTest"/>
</testsuite> <!-- com.test1.tests.LoginTest -->
