<?xml version="1.0" encoding="UTF-8"?>
<!-- Generated by org.testng.reporters.JUnitReportReporter -->
<testsuite hostname="SYS0000" name="com.test1.tests.LoginTest" tests="1" failures="0" timestamp="2 May 2016 11:33:24 GMT" time="42.554" errors="0">
  <testcase name="Test" time="42.554" classname="com.test1.tests.LoginTest"/>
</testsuite> <!-- com.test1.tests.LoginTest -->
