<?xml version="1.0" encoding="UTF-8"?>
<!-- Generated by org.testng.reporters.JUnitReportReporter -->
<testsuite hostname="SYS0000" name="com.test1.dummy.TestExcel" tests="1" failures="0" timestamp="7 Apr 2016 10:02:42 GMT" time="0.485" errors="0">
  <testcase name="test" time="0.485" classname="com.test1.dummy.TestExcel"/>
</testsuite> <!-- com.test1.dummy.TestExcel -->
