<?xml version="1.0" encoding="UTF-8"?>
<!-- Generated by org.testng.reporters.JUnitReportReporter -->
<testsuite hostname="SYS0000" name="com.test1.dummy.TestExcel" tests="1" failures="0" timestamp="26 Apr 2016 13:23:46 GMT" time="0.790" errors="0">
  <testcase name="test" time="0.790" classname="com.test1.dummy.TestExcel"/>
</testsuite> <!-- com.test1.dummy.TestExcel -->
