<?xml version="1.0" encoding="UTF-8"?>
<!-- Generated by org.testng.reporters.JUnitReportReporter -->
<testsuite hostname="DESKTOP-3M8SP9R" name="com.test1.dummy.TestExcel" tests="1" failures="0" timestamp="10 May 2016 18:56:21 GMT" time="1.849" errors="0">
  <testcase name="test" time="1.849" classname="com.test1.dummy.TestExcel"/>
</testsuite> <!-- com.test1.dummy.TestExcel -->
