<?xml version="1.0" encoding="UTF-8"?>
<!-- Generated by org.testng.reporters.JUnitReportReporter -->
<testsuite hostname="SYS119" name="com.test1.dummy.TestExcel" tests="1" failures="0" timestamp="11 May 2016 12:39:56 GMT" time="0.472" errors="0">
  <testcase name="test" time="0.472" classname="com.test1.dummy.TestExcel"/>
</testsuite> <!-- com.test1.dummy.TestExcel -->
