<?xml version="1.0" encoding="UTF-8"?>
<!-- Generated by org.testng.reporters.JUnitReportReporter -->
<testsuite hostname="SYS119" name="com.test1.tests.LoginTest" tests="1" failures="0" timestamp="11 May 2016 12:39:56 GMT" time="12.500" errors="0">
  <testcase name="Test" time="12.500" classname="com.test1.tests.LoginTest"/>
</testsuite> <!-- com.test1.tests.LoginTest -->
